2018-05-01 11:33:02,369:WARNING:Not Found: /favicon.ico
2018-05-01 11:33:02,371:WARNING:Not Found: /favicon.ico
2018-05-01 11:33:32,349:ERROR:Internal Server Error: /edit_story/
Traceback (most recent call last):
  File "/home/ghostman/.local/lib/python3.6/site-packages/django/core/handlers/exception.py", line 35, in inner
    response = get_response(request)
  File "/home/ghostman/.local/lib/python3.6/site-packages/django/core/handlers/base.py", line 128, in _get_response
    response = self.process_exception_by_middleware(e, request)
  File "/home/ghostman/.local/lib/python3.6/site-packages/django/core/handlers/base.py", line 126, in _get_response
    response = wrapped_callback(request, *callback_args, **callback_kwargs)
  File "/home/ghostman/.local/lib/python3.6/site-packages/django/contrib/auth/decorators.py", line 21, in _wrapped_view
    return view_func(request, *args, **kwargs)
  File "/home/ghostman/.local/lib/python3.6/site-packages/django/views/decorators/csrf.py", line 54, in wrapped_view
    return view_func(*args, **kwargs)
  File "/home/ghostman/Desktop/Project/NewsMon/login/views.py", line 405, in edit_story
    item = Stories.objects.get(id=item_id)
  File "/home/ghostman/.local/lib/python3.6/site-packages/django/db/models/manager.py", line 82, in manager_method
    return getattr(self.get_queryset(), name)(*args, **kwargs)
  File "/home/ghostman/.local/lib/python3.6/site-packages/django/db/models/query.py", line 403, in get
    self.model._meta.object_name
login.models.DoesNotExist: Stories matching query does not exist.
2018-05-01 11:35:05,983:ERROR:The pathname '/home/ghostman/Desktop/Project/NewsMon/login/views.py' of this watch <Watch wd=1382 path=/home/ghostman/Desktop/Project/NewsMon/login/views.py mask=4038 proc_fun=None auto_add=False exclude_filter=<function WatchManager.<lambda> at 0x7fbc30dccb70> dir=False > has probably changed and couldn't be updated, so it cannot be trusted anymore. To fix this error move directories/files only between watched parents directories, in this case e.g. put a watch on '/home/ghostman/Desktop/Project/NewsMon/login'.
2018-05-01 11:35:27,675:ERROR:Internal Server Error: /edit_story/
Traceback (most recent call last):
  File "/home/ghostman/.local/lib/python3.6/site-packages/django/core/handlers/exception.py", line 35, in inner
    response = get_response(request)
  File "/home/ghostman/.local/lib/python3.6/site-packages/django/core/handlers/base.py", line 128, in _get_response
    response = self.process_exception_by_middleware(e, request)
  File "/home/ghostman/.local/lib/python3.6/site-packages/django/core/handlers/base.py", line 126, in _get_response
    response = wrapped_callback(request, *callback_args, **callback_kwargs)
  File "/home/ghostman/.local/lib/python3.6/site-packages/django/contrib/auth/decorators.py", line 21, in _wrapped_view
    return view_func(request, *args, **kwargs)
  File "/home/ghostman/.local/lib/python3.6/site-packages/django/views/decorators/csrf.py", line 54, in wrapped_view
    return view_func(*args, **kwargs)
  File "/home/ghostman/Desktop/Project/NewsMon/login/views.py", line 403, in edit_story
    item_id = int(request.GET.get('item_id'))
ValueError: invalid literal for int() with base 10: 'asd'
2018-05-01 11:36:00,881:ERROR:The pathname '/home/ghostman/Desktop/Project/NewsMon/login/views.py' of this watch <Watch wd=1408 path=/home/ghostman/Desktop/Project/NewsMon/login/views.py mask=4038 proc_fun=None auto_add=False exclude_filter=<function WatchManager.<lambda> at 0x7f83caf9bb70> dir=False > has probably changed and couldn't be updated, so it cannot be trusted anymore. To fix this error move directories/files only between watched parents directories, in this case e.g. put a watch on '/home/ghostman/Desktop/Project/NewsMon/login'.
2018-05-01 11:36:33,685:ERROR:Internal Server Error: /edit_story/
Traceback (most recent call last):
  File "/home/ghostman/.local/lib/python3.6/site-packages/django/core/handlers/exception.py", line 35, in inner
    response = get_response(request)
  File "/home/ghostman/.local/lib/python3.6/site-packages/django/core/handlers/base.py", line 128, in _get_response
    response = self.process_exception_by_middleware(e, request)
  File "/home/ghostman/.local/lib/python3.6/site-packages/django/core/handlers/base.py", line 126, in _get_response
    response = wrapped_callback(request, *callback_args, **callback_kwargs)
  File "/home/ghostman/.local/lib/python3.6/site-packages/django/contrib/auth/decorators.py", line 21, in _wrapped_view
    return view_func(request, *args, **kwargs)
  File "/home/ghostman/.local/lib/python3.6/site-packages/django/views/decorators/csrf.py", line 54, in wrapped_view
    return view_func(*args, **kwargs)
  File "/home/ghostman/Desktop/Project/NewsMon/login/views.py", line 403, in edit_story
    item_id = int(request.GET.get('item_id'))
ValueError: invalid literal for int() with base 10: 'tyu'
2018-05-01 11:42:15,647:ERROR:The pathname '/home/ghostman/Desktop/Project/NewsMon/login/views.py' of this watch <Watch wd=1140 path=/home/ghostman/Desktop/Project/NewsMon/login/views.py mask=4038 proc_fun=None auto_add=False exclude_filter=<function WatchManager.<lambda> at 0x7f1fc7649b70> dir=False > has probably changed and couldn't be updated, so it cannot be trusted anymore. To fix this error move directories/files only between watched parents directories, in this case e.g. put a watch on '/home/ghostman/Desktop/Project/NewsMon/login'.
2018-05-01 11:49:12,244:DEBUG:Starting new HTTPS connection (1): www.sprinklr.com
2018-05-01 11:49:17,541:DEBUG:https://www.sprinklr.com:443 "GET /pr/sprinklr-unveils-intuition-ai-help-brands-scale-one-one-customer-relationships-across-25-social-channels HTTP/1.1" 301 0
2018-05-01 11:49:19,125:DEBUG:https://www.sprinklr.com:443 "GET /pr/sprinklr-unveils-intuition-ai-help-brands-scale-one-one-customer-relationships-across-25-social-channels/ HTTP/1.1" 200 None
2018-05-01 11:49:19,523:DEBUG:Starting new HTTP connection (1): www.luxresearchinc.com
2018-05-01 11:49:19,696:DEBUG:Starting new HTTPS connection (1): www.sprinklr.com
2018-05-01 11:49:20,197:DEBUG:http://www.luxresearchinc.com:80 "GET /news-and-events/press-releases/read/lux-research-releases-depth-benchmark-study-sugar-replacement HTTP/1.1" 200 9433
2018-05-01 11:49:20,299:DEBUG:Starting new HTTP connection (1): www.luxresearchinc.com
2018-05-01 11:49:20,621:DEBUG:http://www.luxresearchinc.com:80 "GET /news-and-events/press-releases/read/lux-research-names-top-transformational-technologies-reshaping HTTP/1.1" 200 9988
2018-05-01 11:49:25,330:DEBUG:https://www.sprinklr.com:443 "GET /pr/sprinklr-hires-former-microsoft-u-s-cmo-grad-conn-chief-experience-marketing-officer HTTP/1.1" 301 0
2018-05-01 11:49:26,833:DEBUG:https://www.sprinklr.com:443 "GET /pr/sprinklr-hires-former-microsoft-u-s-cmo-grad-conn-chief-experience-marketing-officer/ HTTP/1.1" 200 None
2018-05-01 11:49:27,011:DEBUG:Starting new HTTPS connection (1): www.sprinklr.com
2018-05-01 11:49:28,609:DEBUG:Starting new HTTPS connection (1): blog.paymentevolution.com
2018-05-01 11:49:30,372:DEBUG:https://blog.paymentevolution.com:443 "GET /2016/06/16/paymentevolution-demo-training-calendar/ HTTP/1.1" 200 None
2018-05-01 11:49:30,626:DEBUG:Starting new HTTPS connection (1): blog.paymentevolution.com
2018-05-01 11:49:31,332:DEBUG:https://blog.paymentevolution.com:443 "GET /2018/04/25/5-ways-to-set-your-start-up-for-success/ HTTP/1.1" 200 None
2018-05-01 11:49:31,738:DEBUG:Starting new HTTPS connection (1): blog.paymentevolution.com
2018-05-01 11:49:32,336:DEBUG:https://www.sprinklr.com:443 "GET /pr/allstate-selects-sprinklr-drive-social-recruiting-attract-next-generation-talent HTTP/1.1" 301 0
2018-05-01 11:49:32,485:DEBUG:https://blog.paymentevolution.com:443 "GET /2018/04/10/the-benefits-of-direct-deposit-for-your-business-and-employees/ HTTP/1.1" 200 None
2018-05-01 11:49:32,681:DEBUG:Starting new HTTPS connection (1): blog.paymentevolution.com
2018-05-01 11:49:33,391:DEBUG:https://blog.paymentevolution.com:443 "GET /2018/04/06/accommodating-change-new-parental-benefits/ HTTP/1.1" 200 None
2018-05-01 11:49:33,577:DEBUG:Starting new HTTPS connection (1): blog.paymentevolution.com
2018-05-01 11:49:33,888:DEBUG:https://www.sprinklr.com:443 "GET /pr/allstate-selects-sprinklr-drive-social-recruiting-attract-next-generation-talent/ HTTP/1.1" 200 None
2018-05-01 11:49:34,064:DEBUG:Starting new HTTPS connection (1): www.sprinklr.com
2018-05-01 11:49:34,345:DEBUG:https://blog.paymentevolution.com:443 "GET /2018/03/13/remittances-send-them-away-to-the-cra/ HTTP/1.1" 200 None
2018-05-01 11:49:34,538:DEBUG:Starting new HTTPS connection (1): blog.paymentevolution.com
2018-05-01 11:49:35,246:DEBUG:https://blog.paymentevolution.com:443 "GET /2018/03/01/how-benefits-can-help-you-obtain-and-retain-high-quality-employees/ HTTP/1.1" 200 None
2018-05-01 11:49:35,536:DEBUG:Starting new HTTPS connection (1): blog.paymentevolution.com
2018-05-01 11:49:36,290:DEBUG:https://blog.paymentevolution.com:443 "GET /2018/01/11/a-summary-of-ontarios-bill-148-and-what-it-means-for-your-business/ HTTP/1.1" 200 None
2018-05-01 11:49:36,481:DEBUG:Starting new HTTPS connection (1): blog.paymentevolution.com
2018-05-01 11:49:37,204:DEBUG:https://blog.paymentevolution.com:443 "GET /2018/01/03/5-ways-payroll-can-increase-your-companies-productivity-this-year/ HTTP/1.1" 200 None
2018-05-01 11:49:37,504:DEBUG:Starting new HTTPS connection (1): blog.paymentevolution.com
2018-05-01 11:49:38,209:DEBUG:https://blog.paymentevolution.com:443 "GET /2017/11/06/introducing-bullfrog-insurance/ HTTP/1.1" 200 None
2018-05-01 11:49:38,394:DEBUG:Starting new HTTPS connection (1): blog.paymentevolution.com
2018-05-01 11:49:39,096:DEBUG:https://blog.paymentevolution.com:443 "GET /2017/10/16/integration-with-tsheets/ HTTP/1.1" 200 None
2018-05-01 11:49:39,366:DEBUG:Starting new HTTPS connection (1): blog.paymentevolution.com
2018-05-01 11:49:39,399:DEBUG:https://www.sprinklr.com:443 "GET /pr/sap-selects-sprinklr-foundation-data-driven-social-media-strategies HTTP/1.1" 301 0
2018-05-01 11:49:40,075:DEBUG:https://blog.paymentevolution.com:443 "GET /2017/10/09/integration-with-sage-one-accounting-now-available/ HTTP/1.1" 200 None
2018-05-01 11:49:40,247:DEBUG:Starting new HTTPS connection (1): blog.paymentevolution.com
2018-05-01 11:49:40,900:DEBUG:https://www.sprinklr.com:443 "GET /pr/sap-selects-sprinklr-foundation-data-driven-social-media-strategies/ HTTP/1.1" 200 None
2018-05-01 11:49:40,987:DEBUG:https://blog.paymentevolution.com:443 "GET /2017/10/09/heres-a-roundup-of-enhancements-and-improvements-made-to-the-paymentevolution-service-for-october-2017/ HTTP/1.1" 200 None
2018-05-01 11:49:41,056:DEBUG:Starting new HTTPS connection (1): www.sprinklr.com
2018-05-01 11:49:41,172:DEBUG:Starting new HTTPS connection (1): blog.paymentevolution.com
2018-05-01 11:49:41,866:DEBUG:https://blog.paymentevolution.com:443 "GET /2017/08/28/electronic-distribution-of-t4-statement-of-remuneration-paid-aka-t4-slips/ HTTP/1.1" 200 None
2018-05-01 11:49:45,926:DEBUG:Starting new HTTP connection (1): www.workaci.com
2018-05-01 11:49:46,332:DEBUG:https://www.sprinklr.com:443 "GET /pr/sprinklr-expands-executive-leadership-team-chief-culture-talent-officer HTTP/1.1" 301 0
2018-05-01 11:49:47,878:DEBUG:https://www.sprinklr.com:443 "GET /pr/sprinklr-expands-executive-leadership-team-chief-culture-talent-officer/ HTTP/1.1" 200 None
2018-05-01 11:49:48,055:DEBUG:Starting new HTTPS connection (1): www.sprinklr.com
2018-05-01 11:49:50,302:DEBUG:http://www.workaci.com:80 "GET /content/how-choose-right-ct-your-application HTTP/1.1" 200 None
2018-05-01 11:49:51,339:DEBUG:Starting new HTTP connection (1): www.workaci.com
2018-05-01 11:49:52,770:DEBUG:https://www.sprinklr.com:443 "GET /pr/sprinklr-becomes-first-enterprise-social-platform-integrate-viber HTTP/1.1" 301 0
2018-05-01 11:49:53,335:DEBUG:https://www.sprinklr.com:443 "GET /pr/sprinklr-becomes-first-enterprise-social-platform-integrate-viber/ HTTP/1.1" 200 None
2018-05-01 11:49:53,504:DEBUG:Starting new HTTPS connection (1): www.sprinklr.com
2018-05-01 11:49:57,781:DEBUG:https://www.sprinklr.com:443 "GET /pr/sprinklr-launches-gallery-transforming-social-content-shoppable-posts HTTP/1.1" 301 0
2018-05-01 11:49:58,134:DEBUG:http://www.workaci.com:80 "GET /content/how-dcv-improves-your-iaq-co2-sensor HTTP/1.1" 200 None
2018-05-01 11:49:58,347:DEBUG:https://www.sprinklr.com:443 "GET /pr/sprinklr-launches-gallery-transforming-social-content-shoppable-posts/ HTTP/1.1" 200 None
2018-05-01 11:49:58,540:DEBUG:Starting new HTTPS connection (1): www.sprinklr.com
2018-05-01 11:49:59,044:DEBUG:Starting new HTTP connection (1): www.workaci.com
2018-05-01 11:50:02,797:DEBUG:https://www.sprinklr.com:443 "GET /pr/sprinklr-introduces-new-solutions-maximize-impact-social-advertising HTTP/1.1" 301 0
2018-05-01 11:50:03,387:DEBUG:https://www.sprinklr.com:443 "GET /pr/sprinklr-introduces-new-solutions-maximize-impact-social-advertising/ HTTP/1.1" 200 None
2018-05-01 11:50:03,559:DEBUG:Starting new HTTPS connection (1): www.sprinklr.com
2018-05-01 11:50:05,269:DEBUG:http://www.workaci.com:80 "GET /content/how-can-3d-printer-change-your-manufacturing-company HTTP/1.1" 200 None
2018-05-01 11:50:07,771:DEBUG:https://www.sprinklr.com:443 "GET /pr/shell-chooses-sprinklr-customer-centric-marketing-advertising HTTP/1.1" 301 0
2018-05-01 11:50:08,338:DEBUG:https://www.sprinklr.com:443 "GET /pr/shell-chooses-sprinklr-customer-centric-marketing-advertising/ HTTP/1.1" 200 None
2018-05-01 11:50:08,492:DEBUG:Starting new HTTPS connection (1): www.sprinklr.com
2018-05-01 11:50:13,002:DEBUG:https://www.sprinklr.com:443 "GET /pr/sprinklr-announces-strategic-partnership-drive-customer-engagement-care-reddit/ HTTP/1.1" 200 None
2018-05-01 11:50:13,209:DEBUG:Starting new HTTPS connection (1): www.sprinklr.com
2018-05-01 11:50:15,472:ERROR:Internal Server Error: /fetch_story/
Traceback (most recent call last):
  File "/home/ghostman/.local/lib/python3.6/site-packages/django/core/handlers/exception.py", line 35, in inner
    response = get_response(request)
  File "/home/ghostman/.local/lib/python3.6/site-packages/django/core/handlers/base.py", line 128, in _get_response
    response = self.process_exception_by_middleware(e, request)
  File "/home/ghostman/.local/lib/python3.6/site-packages/django/core/handlers/base.py", line 126, in _get_response
    response = wrapped_callback(request, *callback_args, **callback_kwargs)
  File "/home/ghostman/.local/lib/python3.6/site-packages/django/contrib/auth/decorators.py", line 21, in _wrapped_view
    return view_func(request, *args, **kwargs)
  File "/home/ghostman/Desktop/Project/NewsMon/login/views.py", line 241, in fetch_story
  File "/home/ghostman/.local/lib/python3.6/site-packages/django/db/models/manager.py", line 82, in manager_method
    return getattr(self.get_queryset(), name)(*args, **kwargs)
  File "/home/ghostman/.local/lib/python3.6/site-packages/django/db/models/query.py", line 403, in get
    self.model._meta.object_name
login.models.DoesNotExist: Sourcing matching query does not exist.
2018-05-01 11:50:19,041:DEBUG:https://www.sprinklr.com:443 "GET /pr/sprinklr-unveils-eight-new-products-simplified-ux/ HTTP/1.1" 200 None
2018-05-01 11:50:19,222:DEBUG:Starting new HTTPS connection (1): blog.sprinklr.com
2018-05-01 11:50:23,889:DEBUG:https://blog.sprinklr.com:443 "GET /sprinklr-supports-launch-promoted-video-autoplay-pinterest/ HTTP/1.1" 200 None
2018-05-01 11:50:24,732:DEBUG:Starting new HTTPS connection (1): blog.sprinklr.com
2018-05-01 11:50:28,442:DEBUG:https://blog.sprinklr.com:443 "GET /sprinklr-support-facebook-messenger-cxm/ HTTP/1.1" 200 None
2018-05-01 11:50:29,189:DEBUG:Starting new HTTPS connection (1): blog.sprinklr.com
2018-05-01 11:50:33,021:DEBUG:https://blog.sprinklr.com:443 "GET /sprinklr-launches-support-instagrams-new-api-features/ HTTP/1.1" 200 None
2018-05-01 11:50:33,809:DEBUG:Starting new HTTPS connection (1): blog.sprinklr.com
2018-05-01 11:50:36,250:DEBUG:https://blog.sprinklr.com:443 "GET /pr/sprinklr-named-second-annual-forbes-2017-cloud-100-list HTTP/1.1" 301 0
2018-05-01 11:50:38,738:DEBUG:https://blog.sprinklr.com:443 "GET /pr/sprinklr-named-second-annual-forbes-2017-cloud-100-list/ HTTP/1.1" 200 None
2018-05-01 11:50:39,113:DEBUG:Starting new HTTPS connection (1): blog.sprinklr.com
2018-05-01 11:50:42,396:DEBUG:https://blog.sprinklr.com:443 "GET /pr/sprinklr-named-leader-independent-social-media-management-solutions-report HTTP/1.1" 301 0
2018-05-01 11:50:44,778:DEBUG:https://blog.sprinklr.com:443 "GET /pr/sprinklr-named-leader-independent-social-media-management-solutions-report/ HTTP/1.1" 200 None
2018-05-01 11:50:45,224:DEBUG:Starting new HTTPS connection (1): blog.sprinklr.com
2018-05-01 11:50:47,670:DEBUG:https://blog.sprinklr.com:443 "GET /pr/sprinklr-provides-santander-uk-unified-social-platform-drive-meaningful-experiences-millions-customers HTTP/1.1" 301 0
2018-05-01 11:50:50,166:DEBUG:https://blog.sprinklr.com:443 "GET /pr/sprinklr-provides-santander-uk-unified-social-platform-drive-meaningful-experiences-millions-customers/ HTTP/1.1" 200 None
2018-05-01 11:50:50,567:DEBUG:Starting new HTTPS connection (1): blog.sprinklr.com
2018-05-01 11:50:53,146:DEBUG:https://blog.sprinklr.com:443 "GET /pr/sprinklr-named-leader-independent-content-marketing-platforms-report HTTP/1.1" 301 0
2018-05-01 11:50:55,605:DEBUG:https://blog.sprinklr.com:443 "GET /pr/sprinklr-named-leader-independent-content-marketing-platforms-report/ HTTP/1.1" 200 None
2018-05-01 11:50:55,978:DEBUG:Starting new HTTPS connection (1): blog.sprinklr.com
2018-05-01 11:50:58,514:DEBUG:https://blog.sprinklr.com:443 "GET /pr/sprinklr-expands-social-media-management-customer-experience-management HTTP/1.1" 301 0
2018-05-01 11:51:00,941:DEBUG:https://blog.sprinklr.com:443 "GET /pr/sprinklr-expands-social-media-management-customer-experience-management/ HTTP/1.1" 200 None
2018-05-01 11:51:01,346:DEBUG:Starting new HTTPS connection (1): blog.sprinklr.com
2018-05-01 11:51:04,002:DEBUG:https://blog.sprinklr.com:443 "GET /sprinklr-business-index-how-brands-engage-customers-on-social HTTP/1.1" 301 0
2018-05-01 11:51:04,569:DEBUG:https://blog.sprinklr.com:443 "GET /sprinklr-business-index-how-brands-engage-customers-on-social/ HTTP/1.1" 200 None
2018-05-01 11:51:05,025:DEBUG:Starting new HTTPS connection (1): blog.sprinklr.com
2018-05-01 11:51:07,417:DEBUG:https://blog.sprinklr.com:443 "GET /pr/sprinklr-receives-sap-hybris-2017-partner-year-award-isv-solution-partner HTTP/1.1" 301 0
2018-05-01 11:51:09,884:DEBUG:https://blog.sprinklr.com:443 "GET /pr/sprinklr-receives-sap-hybris-2017-partner-year-award-isv-solution-partner/ HTTP/1.1" 200 None
2018-05-01 11:51:10,250:DEBUG:Starting new HTTPS connection (1): blog.sprinklr.com
2018-05-01 11:51:12,675:DEBUG:https://blog.sprinklr.com:443 "GET /pr/announcing-sprinklr-display-complete-solution-powering-digital-screens-retail-command-centers-events-outdoor-advertising HTTP/1.1" 301 0
2018-05-01 11:51:15,154:DEBUG:https://blog.sprinklr.com:443 "GET /pr/announcing-sprinklr-display-complete-solution-powering-digital-screens-retail-command-centers-events-outdoor-advertising/ HTTP/1.1" 200 None
2018-05-01 11:51:15,527:DEBUG:Starting new HTTPS connection (1): blog.sprinklr.com
2018-05-01 11:51:18,056:DEBUG:https://blog.sprinklr.com:443 "GET /pr/fast-company-names-sprinklr-among-innovative-companies-2017 HTTP/1.1" 301 0
2018-05-01 11:51:20,384:ERROR:The pathname '/home/ghostman/Desktop/Project/NewsMon/login/views.py' of this watch <Watch wd=1445 path=/home/ghostman/Desktop/Project/NewsMon/login/views.py mask=4038 proc_fun=None auto_add=False exclude_filter=<function WatchManager.<lambda> at 0x7f486c056b70> dir=False > has probably changed and couldn't be updated, so it cannot be trusted anymore. To fix this error move directories/files only between watched parents directories, in this case e.g. put a watch on '/home/ghostman/Desktop/Project/NewsMon/login'.
2018-05-01 11:55:47,983:ERROR:The pathname '/home/ghostman/Desktop/Project/NewsMon/login/views.py' of this watch <Watch wd=1136 path=/home/ghostman/Desktop/Project/NewsMon/login/views.py mask=4038 proc_fun=None auto_add=False exclude_filter=<function WatchManager.<lambda> at 0x7f673340fb70> dir=False > has probably changed and couldn't be updated, so it cannot be trusted anymore. To fix this error move directories/files only between watched parents directories, in this case e.g. put a watch on '/home/ghostman/Desktop/Project/NewsMon/login'.
2018-05-01 11:56:39,530:ERROR:The pathname '/home/ghostman/Desktop/Project/NewsMon/login/views.py' of this watch <Watch wd=1461 path=/home/ghostman/Desktop/Project/NewsMon/login/views.py mask=4038 proc_fun=None auto_add=False exclude_filter=<function WatchManager.<lambda> at 0x7f02572fcb70> dir=False > has probably changed and couldn't be updated, so it cannot be trusted anymore. To fix this error move directories/files only between watched parents directories, in this case e.g. put a watch on '/home/ghostman/Desktop/Project/NewsMon/login'.
2018-05-01 11:57:45,080:ERROR:The pathname '/home/ghostman/Desktop/Project/NewsMon/login/views.py' of this watch <Watch wd=1346 path=/home/ghostman/Desktop/Project/NewsMon/login/views.py mask=4038 proc_fun=None auto_add=False exclude_filter=<function WatchManager.<lambda> at 0x7f76e2005b70> dir=False > has probably changed and couldn't be updated, so it cannot be trusted anymore. To fix this error move directories/files only between watched parents directories, in this case e.g. put a watch on '/home/ghostman/Desktop/Project/NewsMon/login'.
2018-05-01 11:58:15,319:ERROR:Internal Server Error: /edit_story/
Traceback (most recent call last):
  File "/home/ghostman/.local/lib/python3.6/site-packages/django/core/handlers/exception.py", line 35, in inner
    response = get_response(request)
  File "/home/ghostman/.local/lib/python3.6/site-packages/django/core/handlers/base.py", line 128, in _get_response
    response = self.process_exception_by_middleware(e, request)
  File "/home/ghostman/.local/lib/python3.6/site-packages/django/core/handlers/base.py", line 126, in _get_response
    response = wrapped_callback(request, *callback_args, **callback_kwargs)
  File "/home/ghostman/.local/lib/python3.6/site-packages/django/contrib/auth/decorators.py", line 21, in _wrapped_view
    return view_func(request, *args, **kwargs)
  File "/home/ghostman/.local/lib/python3.6/site-packages/django/views/decorators/csrf.py", line 54, in wrapped_view
    return view_func(*args, **kwargs)
  File "/home/ghostman/Desktop/Project/NewsMon/login/views.py", line 408, in edit_story
    item_id = int(request.GET.get('item_id'))
ValueError: invalid literal for int() with base 10: 'arf'
2018-05-01 11:59:06,359:ERROR:The pathname '/home/ghostman/Desktop/Project/NewsMon/login/views.py' of this watch <Watch wd=1295 path=/home/ghostman/Desktop/Project/NewsMon/login/views.py mask=4038 proc_fun=None auto_add=False exclude_filter=<function WatchManager.<lambda> at 0x7fef02644b70> dir=False > has probably changed and couldn't be updated, so it cannot be trusted anymore. To fix this error move directories/files only between watched parents directories, in this case e.g. put a watch on '/home/ghostman/Desktop/Project/NewsMon/login'.
2018-05-01 12:04:04,085:ERROR:The pathname '/home/ghostman/Desktop/Project/NewsMon/login/views.py' of this watch <Watch wd=1404 path=/home/ghostman/Desktop/Project/NewsMon/login/views.py mask=4038 proc_fun=None auto_add=False exclude_filter=<function WatchManager.<lambda> at 0x7fc3147b0b70> dir=False > has probably changed and couldn't be updated, so it cannot be trusted anymore. To fix this error move directories/files only between watched parents directories, in this case e.g. put a watch on '/home/ghostman/Desktop/Project/NewsMon/login'.
2018-05-01 12:13:23,858:ERROR:The pathname '/home/ghostman/Desktop/Project/NewsMon/login/views.py' of this watch <Watch wd=1355 path=/home/ghostman/Desktop/Project/NewsMon/login/views.py mask=4038 proc_fun=None auto_add=False exclude_filter=<function WatchManager.<lambda> at 0x7f3e78f85b70> dir=False > has probably changed and couldn't be updated, so it cannot be trusted anymore. To fix this error move directories/files only between watched parents directories, in this case e.g. put a watch on '/home/ghostman/Desktop/Project/NewsMon/login'.
2018-05-01 12:16:55,527:ERROR:The pathname '/home/ghostman/Desktop/Project/NewsMon/login/views.py' of this watch <Watch wd=1294 path=/home/ghostman/Desktop/Project/NewsMon/login/views.py mask=4038 proc_fun=None auto_add=False exclude_filter=<function WatchManager.<lambda> at 0x7f11c8c77b70> dir=False > has probably changed and couldn't be updated, so it cannot be trusted anymore. To fix this error move directories/files only between watched parents directories, in this case e.g. put a watch on '/home/ghostman/Desktop/Project/NewsMon/login'.
2018-05-01 12:17:09,948:DEBUG:Starting new HTTPS connection (1): www.sprinklr.com
2018-05-01 12:17:14,453:DEBUG:https://www.sprinklr.com:443 "GET /pr/sprinklr-unveils-intuition-ai-help-brands-scale-one-one-customer-relationships-across-25-social-channels HTTP/1.1" 301 0
2018-05-01 12:17:15,017:DEBUG:https://www.sprinklr.com:443 "GET /pr/sprinklr-unveils-intuition-ai-help-brands-scale-one-one-customer-relationships-across-25-social-channels/ HTTP/1.1" 200 None
2018-05-01 12:17:15,615:DEBUG:Starting new HTTPS connection (1): www.sprinklr.com
2018-05-01 12:17:20,448:DEBUG:https://www.sprinklr.com:443 "GET /pr/sprinklr-hires-former-microsoft-u-s-cmo-grad-conn-chief-experience-marketing-officer HTTP/1.1" 301 0
2018-05-01 12:17:21,016:DEBUG:https://www.sprinklr.com:443 "GET /pr/sprinklr-hires-former-microsoft-u-s-cmo-grad-conn-chief-experience-marketing-officer/ HTTP/1.1" 200 None
2018-05-01 12:17:21,173:DEBUG:Starting new HTTPS connection (1): www.sprinklr.com
2018-05-01 12:17:25,377:DEBUG:https://www.sprinklr.com:443 "GET /pr/allstate-selects-sprinklr-drive-social-recruiting-attract-next-generation-talent HTTP/1.1" 301 0
2018-05-01 12:17:25,925:DEBUG:https://www.sprinklr.com:443 "GET /pr/allstate-selects-sprinklr-drive-social-recruiting-attract-next-generation-talent/ HTTP/1.1" 200 None
2018-05-01 12:17:26,114:DEBUG:Starting new HTTPS connection (1): www.sprinklr.com
2018-05-01 12:17:30,418:DEBUG:https://www.sprinklr.com:443 "GET /pr/sap-selects-sprinklr-foundation-data-driven-social-media-strategies HTTP/1.1" 301 0
2018-05-01 12:17:30,988:DEBUG:https://www.sprinklr.com:443 "GET /pr/sap-selects-sprinklr-foundation-data-driven-social-media-strategies/ HTTP/1.1" 200 None
2018-05-01 12:17:31,131:DEBUG:Starting new HTTPS connection (1): www.sprinklr.com
2018-05-01 12:17:35,378:DEBUG:https://www.sprinklr.com:443 "GET /pr/sprinklr-expands-executive-leadership-team-chief-culture-talent-officer HTTP/1.1" 301 0
2018-05-01 12:17:35,589:ERROR:The pathname '/home/ghostman/Desktop/Project/NewsMon/login/views.py' of this watch <Watch wd=1259 path=/home/ghostman/Desktop/Project/NewsMon/login/views.py mask=4038 proc_fun=None auto_add=False exclude_filter=<function WatchManager.<lambda> at 0x7ff23c025b70> dir=False > has probably changed and couldn't be updated, so it cannot be trusted anymore. To fix this error move directories/files only between watched parents directories, in this case e.g. put a watch on '/home/ghostman/Desktop/Project/NewsMon/login'.
2018-05-01 12:17:38,813:ERROR:The pathname '/home/ghostman/Desktop/Project/NewsMon/login/views.py' of this watch <Watch wd=493 path=/home/ghostman/Desktop/Project/NewsMon/login/views.py mask=4038 proc_fun=None auto_add=False exclude_filter=<function WatchManager.<lambda> at 0x7fdf0ec27b70> dir=False > has probably changed and couldn't be updated, so it cannot be trusted anymore. To fix this error move directories/files only between watched parents directories, in this case e.g. put a watch on '/home/ghostman/Desktop/Project/NewsMon/login'.
2018-05-01 12:18:58,944:ERROR:The pathname '/home/ghostman/Desktop/Project/NewsMon/login/views.py' of this watch <Watch wd=558 path=/home/ghostman/Desktop/Project/NewsMon/login/views.py mask=4038 proc_fun=None auto_add=False exclude_filter=<function WatchManager.<lambda> at 0x7f84844b0b70> dir=False > has probably changed and couldn't be updated, so it cannot be trusted anymore. To fix this error move directories/files only between watched parents directories, in this case e.g. put a watch on '/home/ghostman/Desktop/Project/NewsMon/login'.
2018-05-01 12:19:02,257:ERROR:Internal Server Error: /stories_list/
Traceback (most recent call last):
  File "/home/ghostman/.local/lib/python3.6/site-packages/django/core/handlers/exception.py", line 35, in inner
    response = get_response(request)
  File "/home/ghostman/.local/lib/python3.6/site-packages/django/core/handlers/base.py", line 128, in _get_response
    response = self.process_exception_by_middleware(e, request)
  File "/home/ghostman/.local/lib/python3.6/site-packages/django/core/handlers/base.py", line 126, in _get_response
    response = wrapped_callback(request, *callback_args, **callback_kwargs)
  File "/home/ghostman/.local/lib/python3.6/site-packages/django/contrib/auth/decorators.py", line 21, in _wrapped_view
    return view_func(request, *args, **kwargs)
  File "/home/ghostman/Desktop/Project/NewsMon/login/views.py", line 330, in stories_list
    if request.user.id.is_staff or request.user.id.is_superuser:
AttributeError: 'int' object has no attribute 'is_staff'
2018-05-01 12:19:45,779:ERROR:The pathname '/home/ghostman/Desktop/Project/NewsMon/login/views.py' of this watch <Watch wd=1360 path=/home/ghostman/Desktop/Project/NewsMon/login/views.py mask=4038 proc_fun=None auto_add=False exclude_filter=<function WatchManager.<lambda> at 0x7ff71e966b70> dir=False > has probably changed and couldn't be updated, so it cannot be trusted anymore. To fix this error move directories/files only between watched parents directories, in this case e.g. put a watch on '/home/ghostman/Desktop/Project/NewsMon/login'.
2018-05-01 12:26:23,293:ERROR:The pathname '/home/ghostman/Desktop/Project/NewsMon/login/views.py' of this watch <Watch wd=218 path=/home/ghostman/Desktop/Project/NewsMon/login/views.py mask=4038 proc_fun=None auto_add=False exclude_filter=<function WatchManager.<lambda> at 0x7fcc094ebb70> dir=False > has probably changed and couldn't be updated, so it cannot be trusted anymore. To fix this error move directories/files only between watched parents directories, in this case e.g. put a watch on '/home/ghostman/Desktop/Project/NewsMon/login'.
